  SVGDemo.cpp
C:\Users\namha\source\repos\Project\Project\Transform.h(32,38): warning C4244: 'argument': conversion from 'double' to 'Gdiplus::REAL', possible loss of data
  (compiling source file 'SVGDemo.cpp')
  
C:\Users\namha\source\repos\Project\Project\Transform.h(32,26): warning C4244: 'argument': conversion from 'double' to 'Gdiplus::REAL', possible loss of data
  (compiling source file 'SVGDemo.cpp')
  
C:\Users\namha\source\repos\Project\Project\Transform.h(35,60): warning C4244: 'argument': conversion from 'double' to 'Gdiplus::REAL', possible loss of data
  (compiling source file 'SVGDemo.cpp')
  
C:\Users\namha\source\repos\Project\Project\Transform.h(35,45): warning C4244: 'argument': conversion from 'double' to 'Gdiplus::REAL', possible loss of data
  (compiling source file 'SVGDemo.cpp')
  
C:\Users\namha\source\repos\Project\Project\Transform.h(35,25): warning C4244: 'argument': conversion from 'double' to 'Gdiplus::REAL', possible loss of data
  (compiling source file 'SVGDemo.cpp')
  
C:\Users\namha\source\repos\Project\Project\Transform.h(38,30): warning C4244: 'argument': conversion from 'double' to 'Gdiplus::REAL', possible loss of data
  (compiling source file 'SVGDemo.cpp')
  
C:\Users\namha\source\repos\Project\Project\Transform.h(38,22): warning C4244: 'argument': conversion from 'double' to 'Gdiplus::REAL', possible loss of data
  (compiling source file 'SVGDemo.cpp')
  
C:\Users\namha\source\repos\Project\Project\Transform.h(96,31): warning C4244: 'argument': conversion from 'double' to 'Gdiplus::REAL', possible loss of data
  (compiling source file 'SVGDemo.cpp')
  
C:\Users\namha\source\repos\Project\Project\Transform.h(96,19): warning C4244: 'argument': conversion from 'double' to 'Gdiplus::REAL', possible loss of data
  (compiling source file 'SVGDemo.cpp')
  
C:\Users\namha\source\repos\Project\Project\Transform.h(97,53): warning C4244: 'argument': conversion from 'double' to 'Gdiplus::REAL', possible loss of data
  (compiling source file 'SVGDemo.cpp')
  
C:\Users\namha\source\repos\Project\Project\Transform.h(97,38): warning C4244: 'argument': conversion from 'double' to 'Gdiplus::REAL', possible loss of data
  (compiling source file 'SVGDemo.cpp')
  
C:\Users\namha\source\repos\Project\Project\Transform.h(97,18): warning C4244: 'argument': conversion from 'double' to 'Gdiplus::REAL', possible loss of data
  (compiling source file 'SVGDemo.cpp')
  
C:\Users\namha\source\repos\Project\Project\Transform.h(98,23): warning C4244: 'argument': conversion from 'double' to 'Gdiplus::REAL', possible loss of data
  (compiling source file 'SVGDemo.cpp')
  
C:\Users\namha\source\repos\Project\Project\Transform.h(98,15): warning C4244: 'argument': conversion from 'double' to 'Gdiplus::REAL', possible loss of data
  (compiling source file 'SVGDemo.cpp')
  
C:\Users\namha\source\repos\Project\Project\Circle.h(18,26): warning C4244: 'argument': conversion from 'double' to 'BYTE', possible loss of data
  (compiling source file 'SVGDemo.cpp')
  
C:\Users\namha\source\repos\Project\Project\Circle.h(19,24): warning C4244: 'argument': conversion from 'double' to 'BYTE', possible loss of data
  (compiling source file 'SVGDemo.cpp')
  
C:\Users\namha\source\repos\Project\Project\Circle.h(20,29): warning C4244: 'argument': conversion from 'double' to 'Gdiplus::REAL', possible loss of data
  (compiling source file 'SVGDemo.cpp')
  
C:\Users\namha\source\repos\Project\Project\Ellipse.h(18,27): warning C4244: 'argument': conversion from 'double' to 'BYTE', possible loss of data
  (compiling source file 'SVGDemo.cpp')
  
C:\Users\namha\source\repos\Project\Project\Ellipse.h(19,25): warning C4244: 'argument': conversion from 'double' to 'BYTE', possible loss of data
  (compiling source file 'SVGDemo.cpp')
  
C:\Users\namha\source\repos\Project\Project\Ellipse.h(21,30): warning C4244: 'argument': conversion from 'double' to 'Gdiplus::REAL', possible loss of data
  (compiling source file 'SVGDemo.cpp')
  
C:\Users\namha\source\repos\Project\Project\Line.h(18,27): warning C4244: 'argument': conversion from 'double' to 'BYTE', possible loss of data
  (compiling source file 'SVGDemo.cpp')
  
C:\Users\namha\source\repos\Project\Project\Line.h(19,30): warning C4244: 'argument': conversion from 'double' to 'Gdiplus::REAL', possible loss of data
  (compiling source file 'SVGDemo.cpp')
  
C:\Users\namha\source\repos\Project\Project\Polygon.h(22,38): warning C4244: 'argument': conversion from 'double' to 'BYTE', possible loss of data
  (compiling source file 'SVGDemo.cpp')
  
C:\Users\namha\source\repos\Project\Project\Polygon.h(22,113): warning C4244: 'argument': conversion from 'double' to 'Gdiplus::REAL', possible loss of data
  (compiling source file 'SVGDemo.cpp')
  
C:\Users\namha\source\repos\Project\Project\Polygon.h(23,45): warning C4244: 'argument': conversion from 'double' to 'BYTE', possible loss of data
  (compiling source file 'SVGDemo.cpp')
  
C:\Users\namha\source\repos\Project\Project\Polyline.h(21,26): warning C4244: 'argument': conversion from 'double' to 'BYTE', possible loss of data
  (compiling source file 'SVGDemo.cpp')
  
C:\Users\namha\source\repos\Project\Project\Polyline.h(22,29): warning C4244: 'argument': conversion from 'double' to 'Gdiplus::REAL', possible loss of data
  (compiling source file 'SVGDemo.cpp')
  
C:\Users\namha\source\repos\Project\Project\Polyline.h(23,45): warning C4244: 'argument': conversion from 'double' to 'BYTE', possible loss of data
  (compiling source file 'SVGDemo.cpp')
  
C:\Users\namha\source\repos\Project\Project\Rect.h(18,26): warning C4244: 'argument': conversion from 'double' to 'BYTE', possible loss of data
  (compiling source file 'SVGDemo.cpp')
  
C:\Users\namha\source\repos\Project\Project\Rect.h(19,29): warning C4244: 'argument': conversion from 'double' to 'Gdiplus::REAL', possible loss of data
  (compiling source file 'SVGDemo.cpp')
  
C:\Users\namha\source\repos\Project\Project\Rect.h(20,44): warning C4244: 'argument': conversion from 'double' to 'BYTE', possible loss of data
  (compiling source file 'SVGDemo.cpp')
  
C:\Users\namha\source\repos\Project\Project\Text.h(30,19): warning C4244: 'argument': conversion from 'double' to 'Gdiplus::REAL', possible loss of data
  (compiling source file 'SVGDemo.cpp')
  
C:\Users\namha\source\repos\Project\Project\Path.h(38,41): warning C4244: 'argument': conversion from 'double' to 'BYTE', possible loss of data
  (compiling source file 'SVGDemo.cpp')
  
C:\Users\namha\source\repos\Project\Project\Path.h(42,13): warning C4267: 'initializing': conversion from 'size_t' to 'int', possible loss of data
  (compiling source file 'SVGDemo.cpp')
  
C:\Users\namha\source\repos\Project\Project\Path.h(63,16): warning C4267: 'initializing': conversion from 'size_t' to 'int', possible loss of data
  (compiling source file 'SVGDemo.cpp')
  
C:\Users\namha\source\repos\Project\Project\Path.h(78,16): warning C4267: 'initializing': conversion from 'size_t' to 'int', possible loss of data
  (compiling source file 'SVGDemo.cpp')
  
C:\Users\namha\source\repos\Project\Project\Path.h(126,25): warning C4244: 'argument': conversion from 'double' to 'Gdiplus::REAL', possible loss of data
  (compiling source file 'SVGDemo.cpp')
  
C:\Users\namha\source\repos\Project\Project\SVGDemo.cpp(72,11): warning C4267: 'initializing': conversion from 'size_t' to 'int', possible loss of data
C:\Users\namha\source\repos\Project\Project\SVGDemo.cpp(76,20): warning C4267: '=': conversion from 'size_t' to 'int', possible loss of data
C:\Users\namha\source\repos\Project\Project\SVGDemo.cpp(84,23): warning C4267: '=': conversion from 'size_t' to 'int', possible loss of data
C:\Users\namha\source\repos\Project\Project\SVGDemo.cpp(97,13): warning C4267: 'initializing': conversion from 'size_t' to 'int', possible loss of data
C:\Users\namha\source\repos\Project\Project\SVGDemo.cpp(454,12): warning C4244: 'return': conversion from 'WPARAM' to 'int', possible loss of data
C:\Users\namha\source\repos\Project\Project\SVGDemo.cpp(392,1): warning C4715: 'parseSVG': not all control paths return a value
  Project.vcxproj -> C:\Users\namha\source\repos\Project\x64\Debug\Project.exe
